jambodisplay/build/intermediates/manifest_merge_blame_file/debug/manifest-merger-blame-debug-report.txt
1<?xml version="1.0" encoding="utf-8"?>
2<manifest xmlns:android="http://schemas.android.com/apk/res/android"
3    package="com.mambobryan.jambodisplay" >
4
5    <uses-sdk
6        android:minSdkVersion="23"
6-->src/main/AndroidManifest.xml
7        android:targetSdkVersion="32" />
7-->src/main/AndroidManifest.xml
8
9    <application
9-->src/main/AndroidManifest.xml:5:5-23:19
10        android:allowBackup="true"
10-->src/main/AndroidManifest.xml:6:9-35
11        android:icon="@mipmap/ic_launcher"
11-->src/main/AndroidManifest.xml:7:9-43
12        android:label="@string/app_name"
12-->src/main/AndroidManifest.xml:8:9-41
13        android:roundIcon="@mipmap/ic_launcher_round"
13-->src/main/AndroidManifest.xml:9:9-54
14        android:supportsRtl="true"
14-->src/main/AndroidManifest.xml:10:9-35
15        android:theme="@style/Theme.Jambo" >
15-->src/main/AndroidManifest.xml:11:9-43
16        <activity
16-->src/main/AndroidManifest.xml:12:9-22:20
17            android:name="com.mambobryan.jambodisplay.MainActivity"
17-->src/main/AndroidManifest.xml:13:13-41
18            android:exported="true"
18-->src/main/AndroidManifest.xml:14:13-36
19            android:label="Jambo Logs"
19-->src/main/AndroidManifest.xml:15:13-39
20            android:theme="@style/Theme.Jambo.NoActionBar" >
20-->src/main/AndroidManifest.xml:16:13-59
21            <intent-filter>
21-->src/main/AndroidManifest.xml:17:13-21:29
22                <action android:name="android.intent.action.MAIN" />
22-->src/main/AndroidManifest.xml:18:17-69
22-->src/main/AndroidManifest.xml:18:25-66
23
24                <category android:name="android.intent.category.LAUNCHER" />
24-->src/main/AndroidManifest.xml:20:17-77
24-->src/main/AndroidManifest.xml:20:27-74
25            </intent-filter>
26        </activity>
27    </application>
28
29</manifest>